{"E:\\_PROJECTS\\FinalYearProject\\Drishya\\Server\\src\\data-source.ts": {"path":"E:\\_PROJECTS\\FinalYearProject\\Drishya\\Server\\src\\data-source.ts","statementMap":{"0":{"start":{"line":1,"column":0},"end":{"line":1,"column":26}},"1":{"start":{"line":2,"column":0},"end":{"line":2,"column":37}},"2":{"start":{"line":4,"column":21},"end":{"line":4,"column":55}},"3":{"start":{"line":6,"column":13},"end":{"line":18,"column":3}}},"fnMap":{},"branchMap":{},"s":{"0":1,"1":1,"2":1,"3":1},"f":{},"b":{}}
,"E:\\_PROJECTS\\FinalYearProject\\Drishya\\Server\\src\\entities\\tags.ts": {"path":"E:\\_PROJECTS\\FinalYearProject\\Drishya\\Server\\src\\entities\\tags.ts","statementMap":{"0":{"start":{"line":1,"column":0},"end":{"line":1,"column":102}},"1":{"start":{"line":4,"column":7},"end":{"line":16,"column":null}},"2":{"start":{"line":5,"column":2},"end":{"line":6,"column":null}},"3":{"start":{"line":8,"column":2},"end":{"line":9,"column":null}},"4":{"start":{"line":11,"column":2},"end":{"line":12,"column":null}},"5":{"start":{"line":14,"column":2},"end":{"line":15,"column":null}},"6":{"start":{"line":4,"column":13},"end":{"line":16,"column":null}},"7":{"start":{"line":4,"column":13},"end":{"line":4,"column":17}}},"fnMap":{},"branchMap":{},"s":{"0":1,"1":1,"2":1,"3":1,"4":1,"5":1,"6":1,"7":1},"f":{},"b":{}}
,"E:\\_PROJECTS\\FinalYearProject\\Drishya\\Server\\src\\utils\\algos\\cosineAlgo.ts": {"path":"E:\\_PROJECTS\\FinalYearProject\\Drishya\\Server\\src\\utils\\algos\\cosineAlgo.ts","statementMap":{"0":{"start":{"line":3,"column":32},"end":{"line":14,"column":1}},"1":{"start":{"line":4,"column":19},"end":{"line":4,"column":20}},"2":{"start":{"line":5,"column":14},"end":{"line":5,"column":15}},"3":{"start":{"line":6,"column":14},"end":{"line":6,"column":15}},"4":{"start":{"line":7,"column":2},"end":{"line":11,"column":null}},"5":{"start":{"line":7,"column":15},"end":{"line":7,"column":16}},"6":{"start":{"line":8,"column":4},"end":{"line":8,"column":34}},"7":{"start":{"line":9,"column":4},"end":{"line":9,"column":25}},"8":{"start":{"line":10,"column":4},"end":{"line":10,"column":25}},"9":{"start":{"line":12,"column":17},"end":{"line":12,"column":67}},"10":{"start":{"line":13,"column":2},"end":{"line":13,"column":16}},"11":{"start":{"line":3,"column":13},"end":{"line":3,"column":32}}},"fnMap":{"0":{"name":"(anonymous_0)","decl":{"start":{"line":3,"column":32},"end":{"line":3,"column":33}},"loc":{"start":{"line":3,"column":69},"end":{"line":14,"column":1}}}},"branchMap":{},"s":{"0":1,"1":4,"2":4,"3":4,"4":4,"5":4,"6":21,"7":21,"8":21,"9":4,"10":4,"11":1},"f":{"0":4},"b":{}}
,"E:\\_PROJECTS\\FinalYearProject\\Drishya\\Server\\src\\utils\\algos\\mergeSort.ts": {"path":"E:\\_PROJECTS\\FinalYearProject\\Drishya\\Server\\src\\utils\\algos\\mergeSort.ts","statementMap":{"0":{"start":{"line":3,"column":18},"end":{"line":12,"column":1}},"1":{"start":{"line":4,"column":21},"end":{"line":4,"column":48}},"2":{"start":{"line":5,"column":12},"end":{"line":5,"column":38}},"3":{"start":{"line":6,"column":13},"end":{"line":6,"column":36}},"4":{"start":{"line":7,"column":2},"end":{"line":10,"column":null}},"5":{"start":{"line":8,"column":4},"end":{"line":8,"column":25}},"6":{"start":{"line":9,"column":4},"end":{"line":9,"column":27}},"7":{"start":{"line":11,"column":2},"end":{"line":11,"column":26}},"8":{"start":{"line":14,"column":14},"end":{"line":40,"column":1}},"9":{"start":{"line":15,"column":17},"end":{"line":15,"column":18}},"10":{"start":{"line":16,"column":18},"end":{"line":16,"column":19}},"11":{"start":{"line":17,"column":17},"end":{"line":17,"column":18}},"12":{"start":{"line":18,"column":17},"end":{"line":18,"column":59}},"13":{"start":{"line":20,"column":2},"end":{"line":28,"column":null}},"14":{"start":{"line":21,"column":4},"end":{"line":27,"column":null}},"15":{"start":{"line":22,"column":6},"end":{"line":22,"column":41}},"16":{"start":{"line":23,"column":6},"end":{"line":23,"column":17}},"17":{"start":{"line":25,"column":6},"end":{"line":25,"column":43}},"18":{"start":{"line":26,"column":6},"end":{"line":26,"column":18}},"19":{"start":{"line":30,"column":2},"end":{"line":33,"column":null}},"20":{"start":{"line":31,"column":4},"end":{"line":31,"column":39}},"21":{"start":{"line":32,"column":4},"end":{"line":32,"column":15}},"22":{"start":{"line":35,"column":2},"end":{"line":38,"column":null}},"23":{"start":{"line":36,"column":4},"end":{"line":36,"column":41}},"24":{"start":{"line":37,"column":4},"end":{"line":37,"column":16}},"25":{"start":{"line":39,"column":2},"end":{"line":39,"column":16}},"26":{"start":{"line":42,"column":0},"end":{"line":42,"column":25}}},"fnMap":{"0":{"name":"(anonymous_0)","decl":{"start":{"line":3,"column":18},"end":{"line":3,"column":19}},"loc":{"start":{"line":3,"column":54},"end":{"line":12,"column":1}}},"1":{"name":"(anonymous_1)","decl":{"start":{"line":14,"column":14},"end":{"line":14,"column":15}},"loc":{"start":{"line":14,"column":67},"end":{"line":40,"column":1}}}},"branchMap":{"0":{"loc":{"start":{"line":7,"column":2},"end":{"line":10,"column":null}},"type":"if","locations":[{"start":{"line":7,"column":2},"end":{"line":10,"column":null}}]},"1":{"loc":{"start":{"line":20,"column":9},"end":{"line":20,"column":57}},"type":"binary-expr","locations":[{"start":{"line":20,"column":9},"end":{"line":20,"column":30}},{"start":{"line":20,"column":34},"end":{"line":20,"column":57}}]},"2":{"loc":{"start":{"line":21,"column":4},"end":{"line":27,"column":null}},"type":"if","locations":[{"start":{"line":21,"column":4},"end":{"line":27,"column":null}},{"start":{"line":24,"column":11},"end":{"line":27,"column":null}}]}},"s":{"0":1,"1":6,"2":6,"3":6,"4":6,"5":2,"6":2,"7":6,"8":1,"9":6,"10":6,"11":6,"12":6,"13":6,"14":6,"15":3,"16":3,"17":3,"18":3,"19":6,"20":5,"21":5,"22":6,"23":1,"24":1,"25":6,"26":1},"f":{"0":6,"1":6},"b":{"0":[2],"1":[12,11],"2":[3,3]}}
,"E:\\_PROJECTS\\FinalYearProject\\Drishya\\Server\\src\\utils\\algos\\recommendation.ts": {"path":"E:\\_PROJECTS\\FinalYearProject\\Drishya\\Server\\src\\utils\\algos\\recommendation.ts","statementMap":{"0":{"start":{"line":1,"column":0},"end":{"line":1,"column":50}},"1":{"start":{"line":2,"column":0},"end":{"line":2,"column":43}},"2":{"start":{"line":3,"column":0},"end":{"line":3,"column":48}},"3":{"start":{"line":4,"column":0},"end":{"line":4,"column":36}},"4":{"start":{"line":24,"column":25},"end":{"line":31,"column":1}},"5":{"start":{"line":25,"column":23},"end":{"line":25,"column":42}},"6":{"start":{"line":26,"column":22},"end":{"line":29,"column":4}},"7":{"start":{"line":27,"column":4},"end":{"line":27,"column":51}},"8":{"start":{"line":27,"column":42},"end":{"line":27,"column":51}},"9":{"start":{"line":28,"column":4},"end":{"line":28,"column":13}},"10":{"start":{"line":30,"column":2},"end":{"line":30,"column":21}},"11":{"start":{"line":34,"column":30},"end":{"line":39,"column":20}},"12":{"start":{"line":34,"column":41},"end":{"line":39,"column":20}},"13":{"start":{"line":35,"column":2},"end":{"line":39,"column":20}},"14":{"start":{"line":41,"column":32},"end":{"line":59,"column":2}},"15":{"start":{"line":45,"column":4},"end":{"line":59,"column":2}},"16":{"start":{"line":46,"column":23},"end":{"line":46,"column":73}},"17":{"start":{"line":48,"column":23},"end":{"line":48,"column":65}},"18":{"start":{"line":49,"column":2},"end":{"line":49,"column":23}},"19":{"start":{"line":51,"column":17},"end":{"line":56,"column":4}},"20":{"start":{"line":52,"column":23},"end":{"line":52,"column":64}},"21":{"start":{"line":53,"column":4},"end":{"line":53,"column":79}},"22":{"start":{"line":54,"column":18},"end":{"line":54,"column":60}},"23":{"start":{"line":55,"column":4},"end":{"line":55,"column":35}},"24":{"start":{"line":57,"column":2},"end":{"line":57,"column":64}},"25":{"start":{"line":58,"column":2},"end":{"line":58,"column":71}},"26":{"start":{"line":58,"column":43},"end":{"line":58,"column":58}},"27":{"start":{"line":61,"column":0},"end":{"line":61,"column":39}}},"fnMap":{"0":{"name":"(anonymous_8)","decl":{"start":{"line":24,"column":25},"end":{"line":24,"column":26}},"loc":{"start":{"line":24,"column":67},"end":{"line":31,"column":1}}},"1":{"name":"(anonymous_9)","decl":{"start":{"line":26,"column":35},"end":{"line":26,"column":36}},"loc":{"start":{"line":26,"column":44},"end":{"line":29,"column":3}}},"2":{"name":"(anonymous_10)","decl":{"start":{"line":34,"column":30},"end":{"line":34,"column":39}},"loc":{"start":{"line":34,"column":41},"end":{"line":39,"column":20}}},"3":{"name":"(anonymous_11)","decl":{"start":{"line":34,"column":41},"end":{"line":34,"column":null}},"loc":{"start":{"line":34,"column":41},"end":{"line":39,"column":20}}},"4":{"name":"(anonymous_12)","decl":{"start":{"line":41,"column":32},"end":{"line":41,"column":null}},"loc":{"start":{"line":45,"column":4},"end":{"line":59,"column":2}}},"5":{"name":"(anonymous_13)","decl":{"start":{"line":45,"column":4},"end":{"line":45,"column":null}},"loc":{"start":{"line":45,"column":4},"end":{"line":59,"column":1}}},"6":{"name":"(anonymous_14)","decl":{"start":{"line":51,"column":27},"end":{"line":51,"column":28}},"loc":{"start":{"line":51,"column":36},"end":{"line":56,"column":3}}},"7":{"name":"(anonymous_15)","decl":{"start":{"line":58,"column":33},"end":{"line":58,"column":34}},"loc":{"start":{"line":58,"column":43},"end":{"line":58,"column":58}}}},"branchMap":{"0":{"loc":{"start":{"line":26,"column":22},"end":{"line":29,"column":4}},"type":"cond-expr","locations":[{"start":{"line":26,"column":29},"end":{"line":26,"column":31}},{"start":{"line":26,"column":22},"end":{"line":29,"column":4}}]},"1":{"loc":{"start":{"line":26,"column":22},"end":{"line":26,"column":31}},"type":"binary-expr","locations":[{"start":{"line":26,"column":22},"end":{"line":26,"column":31}},{"start":{"line":26,"column":22},"end":{"line":26,"column":31}}]},"2":{"loc":{"start":{"line":27,"column":4},"end":{"line":27,"column":51}},"type":"if","locations":[{"start":{"line":27,"column":4},"end":{"line":27,"column":51}}]},"3":{"loc":{"start":{"line":46,"column":23},"end":{"line":46,"column":73}},"type":"binary-expr","locations":[{"start":{"line":46,"column":23},"end":{"line":46,"column":38}},{"start":{"line":46,"column":43},"end":{"line":46,"column":72}}]},"4":{"loc":{"start":{"line":51,"column":17},"end":{"line":56,"column":4}},"type":"cond-expr","locations":[{"start":{"line":51,"column":21},"end":{"line":51,"column":23}},{"start":{"line":51,"column":17},"end":{"line":56,"column":4}}]},"5":{"loc":{"start":{"line":51,"column":17},"end":{"line":51,"column":23}},"type":"binary-expr","locations":[{"start":{"line":51,"column":17},"end":{"line":51,"column":23}},{"start":{"line":51,"column":17},"end":{"line":51,"column":23}}]},"6":{"loc":{"start":{"line":53,"column":4},"end":{"line":53,"column":78}},"type":"cond-expr","locations":[{"start":{"line":53,"column":39},"end":{"line":53,"column":57}},{"start":{"line":53,"column":60},"end":{"line":53,"column":78}}]}},"s":{"0":1,"1":1,"2":1,"3":1,"4":1,"5":4,"6":4,"7":16,"8":8,"9":8,"10":4,"11":1,"12":0,"13":0,"14":1,"15":1,"16":1,"17":1,"18":1,"19":1,"20":3,"21":3,"22":3,"23":3,"24":1,"25":1,"26":3,"27":1},"f":{"0":4,"1":16,"2":0,"3":0,"4":1,"5":1,"6":3,"7":3},"b":{"0":[0,4],"1":[4,4],"2":[8],"3":[1,0],"4":[0,1],"5":[1,1],"6":[3,0]}}
,"E:\\_PROJECTS\\FinalYearProject\\Drishya\\Server\\src\\utils\\hash\\index.ts": {"path":"E:\\_PROJECTS\\FinalYearProject\\Drishya\\Server\\src\\utils\\hash\\index.ts","statementMap":{"0":{"start":{"line":1,"column":0},"end":{"line":1,"column":33}},"1":{"start":{"line":3,"column":15},"end":{"line":3,"column":27}},"2":{"start":{"line":5,"column":23},"end":{"line":8,"column":1}},"3":{"start":{"line":6,"column":17},"end":{"line":6,"column":81}},"4":{"start":{"line":7,"column":4},"end":{"line":7,"column":16}},"5":{"start":{"line":5,"column":13},"end":{"line":5,"column":23}},"6":{"start":{"line":10,"column":25},"end":{"line":14,"column":1}},"7":{"start":{"line":11,"column":20},"end":{"line":11,"column":33}},"8":{"start":{"line":12,"column":4},"end":{"line":13,"column":null}},"9":{"start":{"line":12,"column":25},"end":{"line":12,"column":37}},"10":{"start":{"line":13,"column":9},"end":{"line":13,"column":null}},"11":{"start":{"line":10,"column":13},"end":{"line":10,"column":25}}},"fnMap":{"0":{"name":"(anonymous_1)","decl":{"start":{"line":5,"column":23},"end":{"line":5,"column":24}},"loc":{"start":{"line":5,"column":39},"end":{"line":8,"column":1}}},"1":{"name":"(anonymous_2)","decl":{"start":{"line":10,"column":25},"end":{"line":10,"column":26}},"loc":{"start":{"line":10,"column":53},"end":{"line":14,"column":1}}}},"branchMap":{"0":{"loc":{"start":{"line":12,"column":4},"end":{"line":13,"column":null}},"type":"if","locations":[{"start":{"line":12,"column":4},"end":{"line":13,"column":null}},{"start":{"line":13,"column":9},"end":{"line":13,"column":null}}]}},"s":{"0":1,"1":1,"2":1,"3":3,"4":3,"5":1,"6":1,"7":2,"8":2,"9":1,"10":1,"11":1},"f":{"0":3,"1":2},"b":{"0":[1,1]}}
,"E:\\_PROJECTS\\FinalYearProject\\Drishya\\Server\\src\\utils\\token\\index.ts": {"path":"E:\\_PROJECTS\\FinalYearProject\\Drishya\\Server\\src\\utils\\token\\index.ts","statementMap":{"0":{"start":{"line":1,"column":0},"end":{"line":1,"column":30}},"1":{"start":{"line":3,"column":13},"end":{"line":3,"column":31}},"2":{"start":{"line":5,"column":27},"end":{"line":7,"column":1}},"3":{"start":{"line":6,"column":4},"end":{"line":6,"column":34}},"4":{"start":{"line":5,"column":13},"end":{"line":5,"column":27}},"5":{"start":{"line":9,"column":27},"end":{"line":12,"column":1}},"6":{"start":{"line":10,"column":20},"end":{"line":10,"column":45}},"7":{"start":{"line":11,"column":4},"end":{"line":11,"column":51}},"8":{"start":{"line":9,"column":13},"end":{"line":9,"column":27}}},"fnMap":{"0":{"name":"(anonymous_1)","decl":{"start":{"line":5,"column":27},"end":{"line":5,"column":28}},"loc":{"start":{"line":5,"column":53},"end":{"line":7,"column":1}}},"1":{"name":"(anonymous_2)","decl":{"start":{"line":9,"column":27},"end":{"line":9,"column":28}},"loc":{"start":{"line":9,"column":44},"end":{"line":12,"column":1}}}},"branchMap":{},"s":{"0":1,"1":1,"2":1,"3":1,"4":1,"5":1,"6":0,"7":0,"8":1},"f":{"0":1,"1":0},"b":{}}
}
