TN:
SF:src\data-source.ts
FNF:0
FNH:0
DA:1,1
DA:2,1
DA:4,1
DA:6,1
LF:4
LH:4
BRF:0
BRH:0
end_of_record
TN:
SF:src\entities\tags.ts
FNF:0
FNH:0
DA:1,1
DA:4,1
DA:5,1
DA:8,1
DA:11,1
DA:14,1
LF:6
LH:6
BRF:0
BRH:0
end_of_record
TN:
SF:src\utils\algos\cosineAlgo.ts
FN:3,(anonymous_0)
FNF:1
FNH:1
FNDA:4,(anonymous_0)
DA:3,1
DA:4,4
DA:5,4
DA:6,4
DA:7,4
DA:8,21
DA:9,21
DA:10,21
DA:12,4
DA:13,4
LF:10
LH:10
BRF:0
BRH:0
end_of_record
TN:
SF:src\utils\algos\mergeSort.ts
FN:3,(anonymous_0)
FN:14,(anonymous_1)
FNF:2
FNH:2
FNDA:6,(anonymous_0)
FNDA:6,(anonymous_1)
DA:3,1
DA:4,6
DA:5,6
DA:6,6
DA:7,6
DA:8,2
DA:9,2
DA:11,6
DA:14,1
DA:15,6
DA:16,6
DA:17,6
DA:18,6
DA:20,6
DA:21,6
DA:22,3
DA:23,3
DA:25,3
DA:26,3
DA:30,6
DA:31,5
DA:32,5
DA:35,6
DA:36,1
DA:37,1
DA:39,6
DA:42,1
LF:27
LH:27
BRDA:7,0,0,2
BRDA:20,1,0,12
BRDA:20,1,1,11
BRDA:21,2,0,3
BRDA:21,2,1,3
BRF:5
BRH:5
end_of_record
TN:
SF:src\utils\algos\recommendation.ts
FN:24,(anonymous_8)
FN:26,(anonymous_9)
FN:34,(anonymous_10)
FN:34,(anonymous_11)
FN:41,(anonymous_12)
FN:45,(anonymous_13)
FN:51,(anonymous_14)
FN:58,(anonymous_15)
FNF:8
FNH:6
FNDA:4,(anonymous_8)
FNDA:16,(anonymous_9)
FNDA:0,(anonymous_10)
FNDA:0,(anonymous_11)
FNDA:1,(anonymous_12)
FNDA:1,(anonymous_13)
FNDA:3,(anonymous_14)
FNDA:3,(anonymous_15)
DA:1,1
DA:2,1
DA:3,1
DA:4,1
DA:24,1
DA:25,4
DA:26,4
DA:27,16
DA:28,8
DA:30,4
DA:34,1
DA:35,0
DA:41,1
DA:45,1
DA:46,1
DA:48,1
DA:49,1
DA:51,1
DA:52,3
DA:53,3
DA:54,3
DA:55,3
DA:57,1
DA:58,3
DA:61,1
LF:25
LH:24
BRDA:26,0,0,0
BRDA:26,0,1,4
BRDA:26,1,0,4
BRDA:26,1,1,4
BRDA:27,2,0,8
BRDA:46,3,0,1
BRDA:46,3,1,0
BRDA:51,4,0,0
BRDA:51,4,1,1
BRDA:51,5,0,1
BRDA:51,5,1,1
BRDA:53,6,0,3
BRDA:53,6,1,0
BRF:13
BRH:9
end_of_record
TN:
SF:src\utils\hash\index.ts
FN:5,(anonymous_1)
FN:10,(anonymous_2)
FNF:2
FNH:2
FNDA:3,(anonymous_1)
FNDA:2,(anonymous_2)
DA:1,1
DA:3,1
DA:5,1
DA:6,3
DA:7,3
DA:10,1
DA:11,2
DA:12,2
DA:13,1
LF:9
LH:9
BRDA:12,0,0,1
BRDA:12,0,1,1
BRF:2
BRH:2
end_of_record
TN:
SF:src\utils\token\index.ts
FN:5,(anonymous_1)
FN:9,(anonymous_2)
FNF:2
FNH:1
FNDA:1,(anonymous_1)
FNDA:0,(anonymous_2)
DA:1,1
DA:3,1
DA:5,1
DA:6,1
DA:9,1
DA:10,0
DA:11,0
LF:7
LH:5
BRF:0
BRH:0
end_of_record
